<?xml version="1.0" encoding="UTF-8"?>
<!-- Generated by org.testng.reporters.JUnitReportReporter -->
<testsuite hostname="XPS9560" failures="0" tests="11" name="aaframework.HomeLinks" time="0.011" errors="1" timestamp="2020-09-02T18:50:00 IST" skipped="10">
  <testcase classname="aaframework.HomeLinks" name="amazonPayTest" time="0.000">
    <skipped/>
  </testcase> <!-- amazonPayTest -->
  <system-out/>
  <testcase classname="aaframework.HomeLinks" name="bestSellersTest" time="0.000">
    <skipped/>
  </testcase> <!-- bestSellersTest -->
  <system-out/>
  <testcase classname="aaframework.HomeLinks" name="booksTest" time="0.000">
    <skipped/>
  </testcase> <!-- booksTest -->
  <system-out/>
  <testcase classname="aaframework.HomeLinks" name="mobileLinkTest" time="0.000">
    <skipped/>
  </testcase> <!-- mobileLinkTest -->
  <system-out/>
  <testcase classname="aaframework.HomeLinks" name="browserInitiase" time="0.011">
    <error type="java.lang.NullPointerException">
      <![CDATA[java.lang.NullPointerException
at resources.Base.initialiseBrowser(Base.java:34)
at aaframework.HomeLinks.browserInitiase(HomeLinks.java:24)
at java.base/jdk.internal.reflect.NativeMethodAccessorImpl.invoke0(Native Method)
at java.base/jdk.internal.reflect.NativeMethodAccessorImpl.invoke(NativeMethodAccessorImpl.java:62)
at java.base/jdk.internal.reflect.DelegatingMethodAccessorImpl.invoke(DelegatingMethodAccessorImpl.java:43)
at java.base/java.lang.reflect.Method.invoke(Method.java:564)
at org.testng.internal.MethodInvocationHelper.invokeMethod(MethodInvocationHelper.java:135)
at org.testng.internal.MethodInvocationHelper.invokeMethodConsideringTimeout(MethodInvocationHelper.java:64)
at org.testng.internal.ConfigInvoker.invokeConfigurationMethod(ConfigInvoker.java:364)
at org.testng.internal.ConfigInvoker.invokeConfigurations(ConfigInvoker.java:318)
at org.testng.TestRunner.invokeTestConfigurations(TestRunner.java:620)
at org.testng.TestRunner.beforeRun(TestRunner.java:610)
at org.testng.TestRunner.run(TestRunner.java:581)
at org.testng.SuiteRunner.runTest(SuiteRunner.java:384)
at org.testng.SuiteRunner.runSequentially(SuiteRunner.java:378)
at org.testng.SuiteRunner.privateRun(SuiteRunner.java:337)
at org.testng.SuiteRunner.run(SuiteRunner.java:286)
at org.testng.SuiteRunnerWorker.runSuite(SuiteRunnerWorker.java:53)
at org.testng.SuiteRunnerWorker.run(SuiteRunnerWorker.java:96)
at org.testng.TestNG.runSuitesSequentially(TestNG.java:1214)
at org.testng.TestNG.runSuitesLocally(TestNG.java:1136)
at org.testng.TestNG.runSuites(TestNG.java:1066)
at org.testng.TestNG.run(TestNG.java:1034)
at org.testng.remote.AbstractRemoteTestNG.run(AbstractRemoteTestNG.java:115)
at org.testng.remote.RemoteTestNG.initAndRun(RemoteTestNG.java:251)
at org.testng.remote.RemoteTestNG.main(RemoteTestNG.java:77)
]]>
    </error>
  </testcase> <!-- browserInitiase -->
  <system-out/>
  <testcase classname="aaframework.HomeLinks" name="pantryTest" time="0.000">
    <skipped/>
  </testcase> <!-- pantryTest -->
  <system-out/>
  <testcase classname="aaframework.HomeLinks" name="giftIdeasTest" time="0.000">
    <skipped/>
  </testcase> <!-- giftIdeasTest -->
  <system-out/>
  <testcase classname="aaframework.HomeLinks" name="customerServiceTest" time="0.000">
    <skipped/>
  </testcase> <!-- customerServiceTest -->
  <system-out/>
  <testcase classname="aaframework.HomeLinks" name="computersTest" time="0.000">
    <skipped/>
  </testcase> <!-- computersTest -->
  <system-out/>
  <testcase classname="aaframework.HomeLinks" name="todaysDealsTest" time="0.000">
    <skipped/>
  </testcase> <!-- todaysDealsTest -->
  <system-out/>
  <testcase classname="aaframework.HomeLinks" name="newReleasesTest" time="0.000">
    <skipped/>
  </testcase> <!-- newReleasesTest -->
  <system-out/>
</testsuite> <!-- aaframework.HomeLinks -->
