<?xml version="1.0" encoding="UTF-8"?>
<!-- Generated by org.testng.reporters.JUnitReportReporter -->
<testsuite hostname="XPS9560" failures="0" tests="12" name="cucumberOptions.TestRunner" time="157.612" errors="0" timestamp="2020-09-03T16:01:47 IST" skipped="0">
  <testcase classname="cucumberOptions.TestRunner" name="runScenario" time="11.981"/>
  <system-out/>
  <testcase classname="cucumberOptions.TestRunner" name="runScenario" time="13.028"/>
  <system-out/>
  <testcase classname="cucumberOptions.TestRunner" name="runScenario" time="14.447"/>
  <system-out/>
  <testcase classname="cucumberOptions.TestRunner" name="runScenario" time="11.812"/>
  <system-out/>
  <testcase classname="cucumberOptions.TestRunner" name="runScenario" time="13.063"/>
  <system-out/>
  <testcase classname="cucumberOptions.TestRunner" name="runScenario" time="12.451"/>
  <system-out/>
  <testcase classname="cucumberOptions.TestRunner" name="runScenario" time="11.379"/>
  <system-out/>
  <testcase classname="cucumberOptions.TestRunner" name="runScenario" time="11.893"/>
  <system-out/>
  <testcase classname="cucumberOptions.TestRunner" name="runScenario" time="20.201"/>
  <system-out/>
  <testcase classname="cucumberOptions.TestRunner" name="runScenario" time="11.644"/>
  <system-out/>
  <testcase classname="cucumberOptions.TestRunner" name="runScenario" time="12.484"/>
  <system-out/>
  <testcase classname="cucumberOptions.TestRunner" name="runScenario" time="13.229"/>
  <system-out/>
</testsuite> <!-- cucumberOptions.TestRunner -->
